Arguments: 
  C:\Program Files\nodejs\node.exe C:\Program Files\nodejs\node_modules\yarn\bin\yarn.js init -u

PATH: 
  C:\Windows\system32;C:\Windows;C:\Windows\System32\Wbem;C:\Windows\System32\WindowsPowerShell\v1.0\;C:\Windows\System32\OpenSSH\;C:\ProgramData\chocolatey\bin;C:\ProgramData\nvm;C:\Program Files\nodejs;C:\Program Files\Git\cmd;C:\Program Files\dotnet\;C:\Program Files\OpenJDK\openjdk-11.0.15_10\bin;;C:\Program Files\Microsoft SQL Server\130\Tools\Binn\;C:\Program Files\Microsoft SQL Server\150\Tools\Binn\;C:\Users\agcoi\AppData\Local\Android\Sdk\tools;C:\Users\agcoi\AppData\Local\Microsoft\WindowsApps;C:\ProgramData\nvm;C:\Program Files\nodejs;C:\Users\agcoi\.dotnet\tools;C:\Users\agcoi\AppData\Local\GitHubDesktop\bin;E:\src\flutter\bin;C:\Users\agcoi\AppData\Local\Pub\Cache\bin;C:\Users\agcoi\AppData\Local\Programs\Microsoft VS Code\bin;C:\Users\agcoi\AppData\Local\Android\Sdk\platform-tools;C:\Users\agcoi\AppData\Local\Programs\Hyper\resources\bin;C:\Program Files\OpenSSL-Win64\bin;C:\Users\agcoi\www\frontend-native\HeatReactNativeForWindows\node_modules\.bin;C:\Users\agcoi\AppData\Local\Programs\oh-my-posh\bin;C:\msys64\mingw64\bin;E:\programs\Markdown Monster;C:\Users\agcoi\.dotnet\tools;C:\Users\agcoi\stripe;

Yarn version: 
  1.22.19

Node version: 
  18.17.0

Platform: 
  win32 x64

Trace: 
  Error: canceled
      at Interface.<anonymous> (C:\ProgramData\nvm\v18.17.0\node_modules\yarn\lib\cli.js:137150:13)
      at Interface.emit (node:events:514:28)
      at [_ttyWrite] [as _ttyWrite] (node:internal/readline/interface:1131:18)
      at ReadStream.onkeypress (node:internal/readline/interface:270:20)
      at ReadStream.emit (node:events:514:28)
      at emitKeys (node:internal/readline/utils:357:14)
      at emitKeys.next (<anonymous>)
      at ReadStream.onData (node:internal/readline/emitKeypressEvents:64:36)
      at ReadStream.emit (node:events:514:28)
      at addChunk (node:internal/streams/readable:324:12)

npm manifest: 
  No manifest

yarn manifest: 
  No manifest

Lockfile: 
  No lockfile
